Build started 2018/9/11 17:05:01.
     1>Project "D:\github\mysqlExpert\lintcodeStudy\lintcodeStudy\lintcodeStudy.vcxproj" on node 2 (build target(s)).
     1>InitializeBuildStatus:
         Creating "Debug\lintcodeStudy.unsuccessfulbuild" because "AlwaysCreate" was specified.
       ClCompile:
         C:\Program Files (x86)\Microsoft Visual Studio 10.0\VC\bin\CL.exe /c /ZI /nologo /W3 /WX- /Od /Oy- /D _MBCS /Gm /EHsc /RTC1 /MDd /GS /fp:precise /Zc:wchar_t /Zc:forScope /Fo"Debug\\" /Fd"Debug\vc100.pdb" /Gd /TP /analyze- /errorReport:prompt aAddBpro.cpp main.cpp
         main.cpp
         aAddBpro.cpp
         Generating Code...
       Link:
         C:\Program Files (x86)\Microsoft Visual Studio 10.0\VC\bin\link.exe /ERRORREPORT:PROMPT /OUT:"D:\github\mysqlExpert\lintcodeStudy\Debug\lintcodeStudy.exe" /NOLOGO kernel32.lib user32.lib gdi32.lib winspool.lib comdlg32.lib advapi32.lib shell32.lib ole32.lib oleaut32.lib uuid.lib odbc32.lib odbccp32.lib /MANIFEST /ManifestFile:"Debug\lintcodeStudy.exe.intermediate.manifest" /MANIFESTUAC:"level='asInvoker' uiAccess='false'" /DEBUG /PDB:"D:\github\mysqlExpert\lintcodeStudy\Debug\lintcodeStudy.pdb" /TLBID:1 /DYNAMICBASE /NXCOMPAT /IMPLIB:"D:\github\mysqlExpert\lintcodeStudy\Debug\lintcodeStudy.lib" /MACHINE:X86 Debug\aAddBpro.obj
         Debug\main.obj
         Debug\MinimumHazardPath.obj
         LINK : D:\github\mysqlExpert\lintcodeStudy\Debug\lintcodeStudy.exe not found or not built by the last incremental link; performing full link
         lintcodeStudy.vcxproj -> D:\github\mysqlExpert\lintcodeStudy\Debug\lintcodeStudy.exe
       Manifest:
         C:\Program Files (x86)\Microsoft SDKs\Windows\v7.0A\bin\mt.exe /nologo /verbose /outputresource:"D:\github\mysqlExpert\lintcodeStudy\Debug\lintcodeStudy.exe;#1" /manifest Debug\lintcodeStudy.exe.intermediate.manifest
       FinalizeBuildStatus:
         Deleting file "Debug\lintcodeStudy.unsuccessfulbuild".
         Touching "Debug\lintcodeStudy.lastbuildstate".
     1>Done Building Project "D:\github\mysqlExpert\lintcodeStudy\lintcodeStudy\lintcodeStudy.vcxproj" (build target(s)).

Build succeeded.

Time Elapsed 00:00:03.63
